{
  message: 'Escuchando puerto 8080 con logger',
  level: 'information',
  timestamp: '2024-01-15T23:52:13.046Z'
}
{
  message: 'Conectado a la DB',
  level: 'information',
  timestamp: '2024-01-15T23:52:13.802Z'
}
{
  message: 'Prueba debug',
  level: 'debug',
  timestamp: '2024-01-15T23:52:16.386Z'
}
{
  message: 'Prueba http',
  level: 'http',
  timestamp: '2024-01-15T23:52:16.386Z'
}
{
  message: 'Escuchando puerto 8080 con logger',
  level: 'information',
  timestamp: '2024-01-15T23:52:16.386Z'
}
{
  message: 'Prueba warning',
  level: 'warning',
  timestamp: '2024-01-15T23:52:16.387Z'
}
{
  message: 'Prueba error',
  level: 'error',
  timestamp: '2024-01-15T23:52:16.387Z'
}
{
  message: 'Escuchando puerto 8080 con logger',
  level: 'information',
  timestamp: '2024-01-15T23:55:47.945Z'
}
{
  message: 'Conectado a la DB',
  level: 'information',
  timestamp: '2024-01-15T23:55:48.794Z'
}
{
  message: 'Escuchando puerto 8080 con logger',
  level: 'information',
  timestamp: '2024-01-15T23:58:39.070Z'
}
{
  message: 'Conectado a la DB',
  level: 'information',
  timestamp: '2024-01-15T23:58:39.929Z'
}
{
  message: 'Escuchando puerto 8080 con logger',
  level: 'information',
  timestamp: '2024-01-15T23:59:09.183Z'
}
{
  message: 'Conectado a la DB',
  level: 'information',
  timestamp: '2024-01-15T23:59:10.023Z'
}
{
  message: 'Escuchando puerto 8080 con logger',
  level: 'information',
  timestamp: '2024-01-16T00:00:44.053Z'
}
{
  message: 'Conectado a la DB',
  level: 'information',
  timestamp: '2024-01-16T00:00:44.942Z'
}
{
  message: 'Escuchando puerto 8080 con logger',
  level: 'information',
  timestamp: '2024-01-16T00:01:17.795Z'
}
{
  message: 'Conectado a la DB',
  level: 'information',
  timestamp: '2024-01-16T00:01:18.581Z'
}
{
  message: 'Escuchando puerto 8080 con logger',
  level: 'information',
  timestamp: '2024-01-16T00:02:21.360Z'
}
{
  message: 'Conectado a la DB',
  level: 'information',
  timestamp: '2024-01-16T00:02:22.292Z'
}
{
  message: 'Escuchando puerto 8080 con logger',
  level: 'information',
  timestamp: '2024-01-16T00:02:48.240Z'
}
{
  message: 'Conectado a la DB',
  level: 'information',
  timestamp: '2024-01-16T00:02:48.994Z'
}
{
  message: 'Escuchando puerto 8080 con logger',
  level: 'information',
  timestamp: '2024-01-16T00:03:53.339Z'
}
{
  message: 'Conectado a la DB',
  level: 'information',
  timestamp: '2024-01-16T00:03:54.217Z'
}
{
  message: 'Escuchando puerto 8080 con logger',
  level: 'information',
  timestamp: '2024-01-16T00:04:13.235Z'
}
{
  message: 'Conectado a la DB',
  level: 'information',
  timestamp: '2024-01-16T00:04:14.059Z'
}
{
  message: 'Escuchando puerto 8080 con logger',
  level: 'information',
  timestamp: '2024-01-16T00:05:14.928Z'
}
{
  message: 'Conectado a la DB',
  level: 'information',
  timestamp: '2024-01-16T00:05:15.817Z'
}
{
  message: 'Escuchando puerto 8080 con logger',
  level: 'information',
  timestamp: '2024-01-16T00:05:42.954Z'
}
{
  message: 'Conectado a la DB',
  level: 'information',
  timestamp: '2024-01-16T00:05:43.776Z'
}
{
  message: 'Escuchando puerto 8080 con logger',
  level: 'information',
  timestamp: '2024-01-16T00:06:02.554Z'
}
{
  message: 'Conectado a la DB',
  level: 'information',
  timestamp: '2024-01-16T00:06:03.307Z'
}
{
  message: 'Escuchando puerto 8080 con logger',
  level: 'information',
  timestamp: '2024-01-16T00:06:07.759Z'
}
{
  message: 'Conectado a la DB',
  level: 'information',
  timestamp: '2024-01-16T00:06:08.524Z'
}
{
  message: 'Escuchando puerto 8080 con logger',
  level: 'information',
  timestamp: '2024-01-16T00:09:17.474Z'
}
{
  message: 'Conectado a la DB',
  level: 'information',
  timestamp: '2024-01-16T00:09:18.366Z'
}
{
  message: 'Escuchando puerto 8080 con logger',
  level: 'information',
  timestamp: '2024-01-16T00:10:41.335Z'
}
{
  message: 'Conectado a la DB',
  level: 'information',
  timestamp: '2024-01-16T00:10:42.260Z'
}
{
  message: 'Escuchando puerto 8080 con logger',
  level: 'information',
  timestamp: '2024-01-16T01:49:05.459Z'
}
{
  message: 'Conectado a la DB',
  level: 'information',
  timestamp: '2024-01-16T01:49:06.407Z'
}
